0 info it worked if it ends with ok
1 verbose cli [ '/usr/local/bin/node',
1 verbose cli   '/usr/local/bin/npm',
1 verbose cli   'install',
1 verbose cli   '-g',
1 verbose cli   '@angularcli' ]
2 info using npm@3.10.10
3 info using node@v6.11.4
4 silly loadCurrentTree Starting
5 silly install loadCurrentTree
6 silly install readGlobalPackageData
7 silly fetchPackageMetaData @angularcli
8 silly fetchOtherPackageData @angularcli
9 silly cache add args [ '@angularcli', null ]
10 verbose cache add spec @angularcli
11 silly cache add parsed spec Result {
11 silly cache add   raw: '@angularcli',
11 silly cache add   scope: null,
11 silly cache add   escapedName: null,
11 silly cache add   name: null,
11 silly cache add   rawSpec: '@angularcli',
11 silly cache add   spec: '/Users/zhivarr/angulartest/@angularcli',
11 silly cache add   type: 'local' }
12 error addLocal Could not install /Users/zhivarr/angulartest/@angularcli
13 silly fetchPackageMetaData Error: ENOENT: no such file or directory, open '/Users/zhivarr/angulartest/@angularcli'
13 silly fetchPackageMetaData     at Error (native)
13 silly fetchPackageMetaData  error for @angularcli { Error: ENOENT: no such file or directory, open '/Users/zhivarr/angulartest/@angularcli'
13 silly fetchPackageMetaData     at Error (native)
13 silly fetchPackageMetaData   errno: -2,
13 silly fetchPackageMetaData   code: 'ENOENT',
13 silly fetchPackageMetaData   syscall: 'open',
13 silly fetchPackageMetaData   path: '/Users/zhivarr/angulartest/@angularcli' }
14 silly rollbackFailedOptional Starting
15 silly rollbackFailedOptional Finishing
16 silly runTopLevelLifecycles Finishing
17 silly install printInstalled
18 verbose stack Error: ENOENT: no such file or directory, open '/Users/zhivarr/angulartest/@angularcli'
18 verbose stack     at Error (native)
19 verbose cwd /Users/zhivarr/angulartest
20 error Darwin 15.6.0
21 error argv "/usr/local/bin/node" "/usr/local/bin/npm" "install" "-g" "@angularcli"
22 error node v6.11.4
23 error npm  v3.10.10
24 error path /Users/zhivarr/angulartest/@angularcli
25 error code ENOENT
26 error errno -2
27 error syscall open
28 error enoent ENOENT: no such file or directory, open '/Users/zhivarr/angulartest/@angularcli'
29 error enoent ENOENT: no such file or directory, open '/Users/zhivarr/angulartest/@angularcli'
29 error enoent This is most likely not a problem with npm itself
29 error enoent and is related to npm not being able to find a file.
30 verbose exit [ -2, true ]
